{"C:\\Users\\santi\\Downloads\\websiteTesting\\ListAvgAge.js": {"path":"C:\\Users\\santi\\Downloads\\websiteTesting\\ListAvgAge.js","statementMap":{"0":{"start":{"line":3,"column":14},"end":{"line":3,"column":15}},"1":{"start":{"line":4,"column":4},"end":{"line":7,"column":5}},"2":{"start":{"line":4,"column":17},"end":{"line":4,"column":18}},"3":{"start":{"line":5,"column":6},"end":{"line":5,"column":28}},"4":{"start":{"line":8,"column":17},"end":{"line":8,"column":41}},"5":{"start":{"line":9,"column":4},"end":{"line":9,"column":17}},"6":{"start":{"line":12,"column":0},"end":{"line":12,"column":27}}},"fnMap":{"0":{"name":"ListAvgAge","decl":{"start":{"line":1,"column":9},"end":{"line":1,"column":19}},"loc":{"start":{"line":1,"column":33},"end":{"line":10,"column":3}},"line":1}},"branchMap":{},"s":{"0":1,"1":1,"2":1,"3":15,"4":1,"5":1,"6":1},"f":{"0":1},"b":{},"_coverageSchema":"1a1c01bbd47fc00a2c39e90264f33305004495a9","hash":"45ca63f13945ade943f79ab505731e2c1e1f4511"}
,"C:\\Users\\santi\\Downloads\\websiteTesting\\ListAvgBP.js": {"path":"C:\\Users\\santi\\Downloads\\websiteTesting\\ListAvgBP.js","statementMap":{"0":{"start":{"line":3,"column":14},"end":{"line":3,"column":15}},"1":{"start":{"line":4,"column":4},"end":{"line":7,"column":5}},"2":{"start":{"line":4,"column":17},"end":{"line":4,"column":18}},"3":{"start":{"line":5,"column":6},"end":{"line":5,"column":28}},"4":{"start":{"line":8,"column":16},"end":{"line":8,"column":40}},"5":{"start":{"line":9,"column":4},"end":{"line":9,"column":16}},"6":{"start":{"line":12,"column":0},"end":{"line":12,"column":26}}},"fnMap":{"0":{"name":"ListAvgBP","decl":{"start":{"line":1,"column":9},"end":{"line":1,"column":18}},"loc":{"start":{"line":1,"column":32},"end":{"line":10,"column":3}},"line":1}},"branchMap":{},"s":{"0":0,"1":0,"2":0,"3":0,"4":0,"5":0,"6":1},"f":{"0":0},"b":{},"_coverageSchema":"1a1c01bbd47fc00a2c39e90264f33305004495a9","hash":"e03f4a80ed61cab27b2841c2132a83ea47bd0aa3"}
,"C:\\Users\\santi\\Downloads\\websiteTesting\\ListAvgExc": {"path":"C:\\Users\\santi\\Downloads\\websiteTesting\\ListAvgExc","statementMap":{"0":{"start":{"line":3,"column":14},"end":{"line":3,"column":15}},"1":{"start":{"line":4,"column":4},"end":{"line":7,"column":5}},"2":{"start":{"line":4,"column":17},"end":{"line":4,"column":18}},"3":{"start":{"line":5,"column":6},"end":{"line":5,"column":28}},"4":{"start":{"line":8,"column":17},"end":{"line":8,"column":41}},"5":{"start":{"line":9,"column":4},"end":{"line":9,"column":17}},"6":{"start":{"line":12,"column":0},"end":{"line":12,"column":27}}},"fnMap":{"0":{"name":"ListAvgExc","decl":{"start":{"line":1,"column":9},"end":{"line":1,"column":19}},"loc":{"start":{"line":1,"column":33},"end":{"line":10,"column":3}},"line":1}},"branchMap":{},"s":{"0":1,"1":1,"2":1,"3":15,"4":1,"5":1,"6":1},"f":{"0":1},"b":{},"inputSourceMap":null,"_coverageSchema":"1a1c01bbd47fc00a2c39e90264f33305004495a9","hash":"b6a0051da59b8ff5b5147a79f086790bc64c62a3"}
,"C:\\Users\\santi\\Downloads\\websiteTesting\\ListAvgHeight.js": {"path":"C:\\Users\\santi\\Downloads\\websiteTesting\\ListAvgHeight.js","statementMap":{"0":{"start":{"line":3,"column":14},"end":{"line":3,"column":15}},"1":{"start":{"line":4,"column":4},"end":{"line":7,"column":5}},"2":{"start":{"line":4,"column":17},"end":{"line":4,"column":18}},"3":{"start":{"line":5,"column":6},"end":{"line":5,"column":28}},"4":{"start":{"line":8,"column":20},"end":{"line":8,"column":44}},"5":{"start":{"line":9,"column":4},"end":{"line":9,"column":20}},"6":{"start":{"line":12,"column":0},"end":{"line":12,"column":30}}},"fnMap":{"0":{"name":"ListAvgHeight","decl":{"start":{"line":1,"column":9},"end":{"line":1,"column":22}},"loc":{"start":{"line":1,"column":36},"end":{"line":10,"column":3}},"line":1}},"branchMap":{},"s":{"0":1,"1":1,"2":1,"3":15,"4":1,"5":1,"6":1},"f":{"0":1},"b":{},"_coverageSchema":"1a1c01bbd47fc00a2c39e90264f33305004495a9","hash":"3a64757596c01a7073070b30400022926b2ea315"}
,"C:\\Users\\santi\\Downloads\\websiteTesting\\ListAvgPulse.js": {"path":"C:\\Users\\santi\\Downloads\\websiteTesting\\ListAvgPulse.js","statementMap":{"0":{"start":{"line":3,"column":14},"end":{"line":3,"column":15}},"1":{"start":{"line":4,"column":4},"end":{"line":7,"column":5}},"2":{"start":{"line":4,"column":17},"end":{"line":4,"column":18}},"3":{"start":{"line":5,"column":6},"end":{"line":5,"column":28}},"4":{"start":{"line":8,"column":19},"end":{"line":8,"column":43}},"5":{"start":{"line":9,"column":4},"end":{"line":9,"column":19}},"6":{"start":{"line":12,"column":0},"end":{"line":12,"column":29}}},"fnMap":{"0":{"name":"ListAvgPulse","decl":{"start":{"line":1,"column":9},"end":{"line":1,"column":21}},"loc":{"start":{"line":1,"column":35},"end":{"line":10,"column":3}},"line":1}},"branchMap":{},"s":{"0":1,"1":1,"2":1,"3":15,"4":1,"5":1,"6":1},"f":{"0":1},"b":{},"_coverageSchema":"1a1c01bbd47fc00a2c39e90264f33305004495a9","hash":"485814baad9c45983b80c51b8b41e1b323d07ece"}
,"C:\\Users\\santi\\Downloads\\websiteTesting\\ListAvgRR.js": {"path":"C:\\Users\\santi\\Downloads\\websiteTesting\\ListAvgRR.js","statementMap":{"0":{"start":{"line":3,"column":14},"end":{"line":3,"column":15}},"1":{"start":{"line":4,"column":4},"end":{"line":7,"column":5}},"2":{"start":{"line":4,"column":17},"end":{"line":4,"column":18}},"3":{"start":{"line":5,"column":6},"end":{"line":5,"column":28}},"4":{"start":{"line":8,"column":16},"end":{"line":8,"column":40}},"5":{"start":{"line":9,"column":4},"end":{"line":9,"column":16}},"6":{"start":{"line":12,"column":0},"end":{"line":12,"column":26}}},"fnMap":{"0":{"name":"ListAvgRR","decl":{"start":{"line":1,"column":9},"end":{"line":1,"column":18}},"loc":{"start":{"line":1,"column":32},"end":{"line":10,"column":3}},"line":1}},"branchMap":{},"s":{"0":0,"1":0,"2":0,"3":0,"4":0,"5":0,"6":1},"f":{"0":0},"b":{},"_coverageSchema":"1a1c01bbd47fc00a2c39e90264f33305004495a9","hash":"14a6cac9089f2b7289c4e2cdbcef219cbead21ed"}
,"C:\\Users\\santi\\Downloads\\websiteTesting\\ListAvgTemp.js": {"path":"C:\\Users\\santi\\Downloads\\websiteTesting\\ListAvgTemp.js","statementMap":{"0":{"start":{"line":3,"column":14},"end":{"line":3,"column":15}},"1":{"start":{"line":4,"column":4},"end":{"line":7,"column":5}},"2":{"start":{"line":4,"column":17},"end":{"line":4,"column":18}},"3":{"start":{"line":5,"column":6},"end":{"line":5,"column":28}},"4":{"start":{"line":8,"column":18},"end":{"line":8,"column":42}},"5":{"start":{"line":9,"column":4},"end":{"line":9,"column":18}},"6":{"start":{"line":12,"column":0},"end":{"line":12,"column":28}}},"fnMap":{"0":{"name":"ListAvgTemp","decl":{"start":{"line":1,"column":9},"end":{"line":1,"column":20}},"loc":{"start":{"line":1,"column":34},"end":{"line":10,"column":3}},"line":1}},"branchMap":{},"s":{"0":1,"1":1,"2":1,"3":15,"4":1,"5":1,"6":1},"f":{"0":1},"b":{},"_coverageSchema":"1a1c01bbd47fc00a2c39e90264f33305004495a9","hash":"a57a8eba2b7b62be45391a5b8bc9f69292d33dd9"}
,"C:\\Users\\santi\\Downloads\\websiteTesting\\ListAvgVB.js": {"path":"C:\\Users\\santi\\Downloads\\websiteTesting\\ListAvgVB.js","statementMap":{"0":{"start":{"line":3,"column":14},"end":{"line":3,"column":15}},"1":{"start":{"line":4,"column":4},"end":{"line":7,"column":5}},"2":{"start":{"line":4,"column":17},"end":{"line":4,"column":18}},"3":{"start":{"line":5,"column":6},"end":{"line":5,"column":28}},"4":{"start":{"line":8,"column":16},"end":{"line":8,"column":40}},"5":{"start":{"line":9,"column":4},"end":{"line":9,"column":16}},"6":{"start":{"line":12,"column":0},"end":{"line":12,"column":26}}},"fnMap":{"0":{"name":"ListAvgVB","decl":{"start":{"line":1,"column":9},"end":{"line":1,"column":18}},"loc":{"start":{"line":1,"column":32},"end":{"line":10,"column":3}},"line":1}},"branchMap":{},"s":{"0":1,"1":1,"2":1,"3":15,"4":1,"5":1,"6":1},"f":{"0":1},"b":{},"_coverageSchema":"1a1c01bbd47fc00a2c39e90264f33305004495a9","hash":"0614f3c3d1b7f2dad7478e45fda019e6fabbbad2"}
,"C:\\Users\\santi\\Downloads\\websiteTesting\\ListAvgWH.js": {"path":"C:\\Users\\santi\\Downloads\\websiteTesting\\ListAvgWH.js","statementMap":{"0":{"start":{"line":3,"column":14},"end":{"line":3,"column":15}},"1":{"start":{"line":4,"column":4},"end":{"line":7,"column":5}},"2":{"start":{"line":4,"column":17},"end":{"line":4,"column":18}},"3":{"start":{"line":5,"column":6},"end":{"line":5,"column":28}},"4":{"start":{"line":8,"column":16},"end":{"line":8,"column":40}},"5":{"start":{"line":9,"column":4},"end":{"line":9,"column":16}},"6":{"start":{"line":12,"column":0},"end":{"line":12,"column":26}}},"fnMap":{"0":{"name":"ListAvgWH","decl":{"start":{"line":1,"column":9},"end":{"line":1,"column":18}},"loc":{"start":{"line":1,"column":32},"end":{"line":10,"column":3}},"line":1}},"branchMap":{},"s":{"0":1,"1":1,"2":1,"3":15,"4":1,"5":1,"6":1},"f":{"0":1},"b":{},"_coverageSchema":"1a1c01bbd47fc00a2c39e90264f33305004495a9","hash":"385a1ef756b7e0a2f4aacb2287f717b29aab777b"}
,"C:\\Users\\santi\\Downloads\\websiteTesting\\ListAvgWeight.js": {"path":"C:\\Users\\santi\\Downloads\\websiteTesting\\ListAvgWeight.js","statementMap":{"0":{"start":{"line":3,"column":14},"end":{"line":3,"column":15}},"1":{"start":{"line":4,"column":4},"end":{"line":7,"column":5}},"2":{"start":{"line":4,"column":17},"end":{"line":4,"column":18}},"3":{"start":{"line":5,"column":6},"end":{"line":5,"column":28}},"4":{"start":{"line":8,"column":20},"end":{"line":8,"column":44}},"5":{"start":{"line":9,"column":4},"end":{"line":9,"column":20}},"6":{"start":{"line":12,"column":0},"end":{"line":12,"column":30}}},"fnMap":{"0":{"name":"ListAvgWeight","decl":{"start":{"line":1,"column":9},"end":{"line":1,"column":22}},"loc":{"start":{"line":1,"column":36},"end":{"line":10,"column":3}},"line":1}},"branchMap":{},"s":{"0":1,"1":1,"2":1,"3":15,"4":1,"5":1,"6":1},"f":{"0":1},"b":{},"_coverageSchema":"1a1c01bbd47fc00a2c39e90264f33305004495a9","hash":"6c272943fa5499f999c7b95694c133fa07bc9acd"}
}
