{"C:\\Users\\steve\\OneDrive\\Documents\\GitHub\\websiteTesting\\ListAvgAge.js": {"path":"C:\\Users\\steve\\OneDrive\\Documents\\GitHub\\websiteTesting\\ListAvgAge.js","statementMap":{"0":{"start":{"line":3,"column":14},"end":{"line":3,"column":15}},"1":{"start":{"line":4,"column":4},"end":{"line":7,"column":5}},"2":{"start":{"line":4,"column":17},"end":{"line":4,"column":18}},"3":{"start":{"line":5,"column":6},"end":{"line":5,"column":28}},"4":{"start":{"line":8,"column":17},"end":{"line":8,"column":59}},"5":{"start":{"line":9,"column":4},"end":{"line":9,"column":17}},"6":{"start":{"line":12,"column":0},"end":{"line":12,"column":27}}},"fnMap":{"0":{"name":"ListAvgAge","decl":{"start":{"line":1,"column":9},"end":{"line":1,"column":19}},"loc":{"start":{"line":1,"column":33},"end":{"line":10,"column":3}},"line":1}},"branchMap":{},"s":{"0":1,"1":1,"2":1,"3":15,"4":1,"5":1,"6":1},"f":{"0":1},"b":{},"_coverageSchema":"1a1c01bbd47fc00a2c39e90264f33305004495a9","hash":"477ea065cfbfcbc4ebd75c2cf4fbf5d727441a38"}
,"C:\\Users\\steve\\OneDrive\\Documents\\GitHub\\websiteTesting\\ListAvgBP.js": {"path":"C:\\Users\\steve\\OneDrive\\Documents\\GitHub\\websiteTesting\\ListAvgBP.js","statementMap":{"0":{"start":{"line":3,"column":14},"end":{"line":3,"column":15}},"1":{"start":{"line":4,"column":4},"end":{"line":7,"column":5}},"2":{"start":{"line":4,"column":17},"end":{"line":4,"column":18}},"3":{"start":{"line":5,"column":6},"end":{"line":5,"column":28}},"4":{"start":{"line":8,"column":16},"end":{"line":8,"column":58}},"5":{"start":{"line":9,"column":4},"end":{"line":9,"column":16}},"6":{"start":{"line":12,"column":0},"end":{"line":12,"column":26}}},"fnMap":{"0":{"name":"ListAvgBP","decl":{"start":{"line":1,"column":9},"end":{"line":1,"column":18}},"loc":{"start":{"line":1,"column":32},"end":{"line":10,"column":3}},"line":1}},"branchMap":{},"s":{"0":1,"1":1,"2":1,"3":15,"4":1,"5":1,"6":1},"f":{"0":1},"b":{},"_coverageSchema":"1a1c01bbd47fc00a2c39e90264f33305004495a9","hash":"3ddb4206de047add5756870d927d92581f535c16"}
,"C:\\Users\\steve\\OneDrive\\Documents\\GitHub\\websiteTesting\\ListAvgExc": {"path":"C:\\Users\\steve\\OneDrive\\Documents\\GitHub\\websiteTesting\\ListAvgExc","statementMap":{"0":{"start":{"line":3,"column":14},"end":{"line":3,"column":15}},"1":{"start":{"line":4,"column":4},"end":{"line":7,"column":5}},"2":{"start":{"line":4,"column":17},"end":{"line":4,"column":18}},"3":{"start":{"line":5,"column":6},"end":{"line":5,"column":28}},"4":{"start":{"line":8,"column":17},"end":{"line":8,"column":59}},"5":{"start":{"line":9,"column":4},"end":{"line":9,"column":17}},"6":{"start":{"line":12,"column":0},"end":{"line":12,"column":27}}},"fnMap":{"0":{"name":"ListAvgExc","decl":{"start":{"line":1,"column":9},"end":{"line":1,"column":19}},"loc":{"start":{"line":1,"column":33},"end":{"line":10,"column":3}},"line":1}},"branchMap":{},"s":{"0":1,"1":1,"2":1,"3":15,"4":1,"5":1,"6":1},"f":{"0":1},"b":{},"inputSourceMap":null,"_coverageSchema":"1a1c01bbd47fc00a2c39e90264f33305004495a9","hash":"3b0ea756454e1e77d040b4c61dfc82e3bb1b986c"}
,"C:\\Users\\steve\\OneDrive\\Documents\\GitHub\\websiteTesting\\ListAvgHeight.js": {"path":"C:\\Users\\steve\\OneDrive\\Documents\\GitHub\\websiteTesting\\ListAvgHeight.js","statementMap":{"0":{"start":{"line":3,"column":14},"end":{"line":3,"column":15}},"1":{"start":{"line":4,"column":4},"end":{"line":7,"column":5}},"2":{"start":{"line":4,"column":17},"end":{"line":4,"column":18}},"3":{"start":{"line":5,"column":6},"end":{"line":5,"column":28}},"4":{"start":{"line":8,"column":20},"end":{"line":8,"column":62}},"5":{"start":{"line":9,"column":4},"end":{"line":9,"column":20}},"6":{"start":{"line":12,"column":0},"end":{"line":12,"column":30}}},"fnMap":{"0":{"name":"ListAvgHeight","decl":{"start":{"line":1,"column":9},"end":{"line":1,"column":22}},"loc":{"start":{"line":1,"column":36},"end":{"line":10,"column":3}},"line":1}},"branchMap":{},"s":{"0":1,"1":1,"2":1,"3":15,"4":1,"5":1,"6":1},"f":{"0":1},"b":{},"_coverageSchema":"1a1c01bbd47fc00a2c39e90264f33305004495a9","hash":"88ecb16c8420dafc0426d22809b997002abc8f46"}
,"C:\\Users\\steve\\OneDrive\\Documents\\GitHub\\websiteTesting\\ListAvgPulse.js": {"path":"C:\\Users\\steve\\OneDrive\\Documents\\GitHub\\websiteTesting\\ListAvgPulse.js","statementMap":{"0":{"start":{"line":3,"column":14},"end":{"line":3,"column":15}},"1":{"start":{"line":4,"column":4},"end":{"line":7,"column":5}},"2":{"start":{"line":4,"column":17},"end":{"line":4,"column":18}},"3":{"start":{"line":5,"column":6},"end":{"line":5,"column":28}},"4":{"start":{"line":8,"column":19},"end":{"line":8,"column":61}},"5":{"start":{"line":9,"column":4},"end":{"line":9,"column":19}},"6":{"start":{"line":12,"column":0},"end":{"line":12,"column":29}}},"fnMap":{"0":{"name":"ListAvgPulse","decl":{"start":{"line":1,"column":9},"end":{"line":1,"column":21}},"loc":{"start":{"line":1,"column":35},"end":{"line":10,"column":3}},"line":1}},"branchMap":{},"s":{"0":1,"1":1,"2":1,"3":15,"4":1,"5":1,"6":1},"f":{"0":1},"b":{},"_coverageSchema":"1a1c01bbd47fc00a2c39e90264f33305004495a9","hash":"6fc6129e7be56bb07c7204a9fb67ab88efd0a73b"}
,"C:\\Users\\steve\\OneDrive\\Documents\\GitHub\\websiteTesting\\ListAvgRR.js": {"path":"C:\\Users\\steve\\OneDrive\\Documents\\GitHub\\websiteTesting\\ListAvgRR.js","statementMap":{"0":{"start":{"line":3,"column":14},"end":{"line":3,"column":15}},"1":{"start":{"line":4,"column":4},"end":{"line":7,"column":5}},"2":{"start":{"line":4,"column":17},"end":{"line":4,"column":18}},"3":{"start":{"line":5,"column":6},"end":{"line":5,"column":28}},"4":{"start":{"line":8,"column":16},"end":{"line":8,"column":58}},"5":{"start":{"line":9,"column":4},"end":{"line":9,"column":16}},"6":{"start":{"line":12,"column":0},"end":{"line":12,"column":26}}},"fnMap":{"0":{"name":"ListAvgRR","decl":{"start":{"line":1,"column":9},"end":{"line":1,"column":18}},"loc":{"start":{"line":1,"column":32},"end":{"line":10,"column":3}},"line":1}},"branchMap":{},"s":{"0":1,"1":1,"2":1,"3":15,"4":1,"5":1,"6":1},"f":{"0":1},"b":{},"_coverageSchema":"1a1c01bbd47fc00a2c39e90264f33305004495a9","hash":"c6c5b1f55b87abdbef3e8ca262450e265e5387b6"}
,"C:\\Users\\steve\\OneDrive\\Documents\\GitHub\\websiteTesting\\ListAvgTemp.js": {"path":"C:\\Users\\steve\\OneDrive\\Documents\\GitHub\\websiteTesting\\ListAvgTemp.js","statementMap":{"0":{"start":{"line":3,"column":14},"end":{"line":3,"column":15}},"1":{"start":{"line":4,"column":4},"end":{"line":7,"column":5}},"2":{"start":{"line":4,"column":17},"end":{"line":4,"column":18}},"3":{"start":{"line":5,"column":6},"end":{"line":5,"column":28}},"4":{"start":{"line":8,"column":18},"end":{"line":8,"column":62}},"5":{"start":{"line":9,"column":4},"end":{"line":9,"column":18}},"6":{"start":{"line":12,"column":0},"end":{"line":12,"column":28}}},"fnMap":{"0":{"name":"ListAvgTemp","decl":{"start":{"line":1,"column":9},"end":{"line":1,"column":20}},"loc":{"start":{"line":1,"column":34},"end":{"line":10,"column":3}},"line":1}},"branchMap":{},"s":{"0":1,"1":1,"2":1,"3":15,"4":1,"5":1,"6":1},"f":{"0":1},"b":{},"_coverageSchema":"1a1c01bbd47fc00a2c39e90264f33305004495a9","hash":"906e16eefabe748606c6ae59c414b39d7eac7d5b"}
,"C:\\Users\\steve\\OneDrive\\Documents\\GitHub\\websiteTesting\\ListAvgVB.js": {"path":"C:\\Users\\steve\\OneDrive\\Documents\\GitHub\\websiteTesting\\ListAvgVB.js","statementMap":{"0":{"start":{"line":3,"column":14},"end":{"line":3,"column":15}},"1":{"start":{"line":4,"column":4},"end":{"line":7,"column":5}},"2":{"start":{"line":4,"column":17},"end":{"line":4,"column":18}},"3":{"start":{"line":5,"column":6},"end":{"line":5,"column":28}},"4":{"start":{"line":8,"column":16},"end":{"line":8,"column":58}},"5":{"start":{"line":9,"column":4},"end":{"line":9,"column":16}},"6":{"start":{"line":12,"column":0},"end":{"line":12,"column":26}}},"fnMap":{"0":{"name":"ListAvgVB","decl":{"start":{"line":1,"column":9},"end":{"line":1,"column":18}},"loc":{"start":{"line":1,"column":32},"end":{"line":10,"column":3}},"line":1}},"branchMap":{},"s":{"0":1,"1":1,"2":1,"3":15,"4":1,"5":1,"6":1},"f":{"0":1},"b":{},"_coverageSchema":"1a1c01bbd47fc00a2c39e90264f33305004495a9","hash":"eaefec246a7e251b51a8bf5d29ce4a3174dc5310"}
,"C:\\Users\\steve\\OneDrive\\Documents\\GitHub\\websiteTesting\\ListAvgWH.js": {"path":"C:\\Users\\steve\\OneDrive\\Documents\\GitHub\\websiteTesting\\ListAvgWH.js","statementMap":{"0":{"start":{"line":3,"column":14},"end":{"line":3,"column":15}},"1":{"start":{"line":4,"column":4},"end":{"line":7,"column":5}},"2":{"start":{"line":4,"column":17},"end":{"line":4,"column":18}},"3":{"start":{"line":5,"column":6},"end":{"line":5,"column":28}},"4":{"start":{"line":8,"column":16},"end":{"line":8,"column":58}},"5":{"start":{"line":9,"column":4},"end":{"line":9,"column":16}},"6":{"start":{"line":12,"column":0},"end":{"line":12,"column":26}}},"fnMap":{"0":{"name":"ListAvgWH","decl":{"start":{"line":1,"column":9},"end":{"line":1,"column":18}},"loc":{"start":{"line":1,"column":32},"end":{"line":10,"column":3}},"line":1}},"branchMap":{},"s":{"0":1,"1":1,"2":1,"3":15,"4":1,"5":1,"6":1},"f":{"0":1},"b":{},"_coverageSchema":"1a1c01bbd47fc00a2c39e90264f33305004495a9","hash":"f85299ea8aac528d712c239d6b662282887821e8"}
,"C:\\Users\\steve\\OneDrive\\Documents\\GitHub\\websiteTesting\\ListAvgWeight.js": {"path":"C:\\Users\\steve\\OneDrive\\Documents\\GitHub\\websiteTesting\\ListAvgWeight.js","statementMap":{"0":{"start":{"line":3,"column":14},"end":{"line":3,"column":15}},"1":{"start":{"line":4,"column":4},"end":{"line":7,"column":5}},"2":{"start":{"line":4,"column":17},"end":{"line":4,"column":18}},"3":{"start":{"line":5,"column":6},"end":{"line":5,"column":28}},"4":{"start":{"line":8,"column":20},"end":{"line":8,"column":62}},"5":{"start":{"line":9,"column":4},"end":{"line":9,"column":20}},"6":{"start":{"line":12,"column":0},"end":{"line":12,"column":30}}},"fnMap":{"0":{"name":"ListAvgWeight","decl":{"start":{"line":1,"column":9},"end":{"line":1,"column":22}},"loc":{"start":{"line":1,"column":36},"end":{"line":10,"column":3}},"line":1}},"branchMap":{},"s":{"0":1,"1":1,"2":1,"3":15,"4":1,"5":1,"6":1},"f":{"0":1},"b":{},"_coverageSchema":"1a1c01bbd47fc00a2c39e90264f33305004495a9","hash":"38d5e55b510ed6823beb6afc84e096f9b898260d"}
}
