TN:
SF:ListAvgAge.js
FN:1,ListAvgAge
FNF:1
FNH:1
FNDA:1,ListAvgAge
DA:3,1
DA:4,1
DA:5,15
DA:8,1
DA:9,1
DA:12,1
LF:6
LH:6
BRF:0
BRH:0
end_of_record
TN:
SF:ListAvgBP.js
FN:1,ListAvgBP
FNF:1
FNH:0
FNDA:0,ListAvgBP
DA:3,0
DA:4,0
DA:5,0
DA:8,0
DA:9,0
DA:12,1
LF:6
LH:1
BRF:0
BRH:0
end_of_record
TN:
SF:ListAvgExc
FN:1,ListAvgExc
FNF:1
FNH:1
FNDA:1,ListAvgExc
DA:3,1
DA:4,1
DA:5,15
DA:8,1
DA:9,1
DA:12,1
LF:6
LH:6
BRF:0
BRH:0
end_of_record
TN:
SF:ListAvgHeight.js
FN:1,ListAvgHeight
FNF:1
FNH:1
FNDA:1,ListAvgHeight
DA:3,1
DA:4,1
DA:5,15
DA:8,1
DA:9,1
DA:12,1
LF:6
LH:6
BRF:0
BRH:0
end_of_record
TN:
SF:ListAvgPulse.js
FN:1,ListAvgPulse
FNF:1
FNH:1
FNDA:1,ListAvgPulse
DA:3,1
DA:4,1
DA:5,15
DA:8,1
DA:9,1
DA:12,1
LF:6
LH:6
BRF:0
BRH:0
end_of_record
TN:
SF:ListAvgRR.js
FN:1,ListAvgRR
FNF:1
FNH:0
FNDA:0,ListAvgRR
DA:3,0
DA:4,0
DA:5,0
DA:8,0
DA:9,0
DA:12,1
LF:6
LH:1
BRF:0
BRH:0
end_of_record
TN:
SF:ListAvgTemp.js
FN:1,ListAvgTemp
FNF:1
FNH:1
FNDA:1,ListAvgTemp
DA:3,1
DA:4,1
DA:5,15
DA:8,1
DA:9,1
DA:12,1
LF:6
LH:6
BRF:0
BRH:0
end_of_record
TN:
SF:ListAvgVB.js
FN:1,ListAvgVB
FNF:1
FNH:1
FNDA:1,ListAvgVB
DA:3,1
DA:4,1
DA:5,15
DA:8,1
DA:9,1
DA:12,1
LF:6
LH:6
BRF:0
BRH:0
end_of_record
TN:
SF:ListAvgWH.js
FN:1,ListAvgWH
FNF:1
FNH:1
FNDA:1,ListAvgWH
DA:3,1
DA:4,1
DA:5,15
DA:8,1
DA:9,1
DA:12,1
LF:6
LH:6
BRF:0
BRH:0
end_of_record
TN:
SF:ListAvgWeight.js
FN:1,ListAvgWeight
FNF:1
FNH:1
FNDA:1,ListAvgWeight
DA:3,1
DA:4,1
DA:5,15
DA:8,1
DA:9,1
DA:12,1
LF:6
LH:6
BRF:0
BRH:0
end_of_record
